The target system is: Generic - 1 - i686
The host system is: Linux - 4.15.0-38-generic - x86_64
Compiling the C compiler identification source file "CMakeCCompilerId.c" succeeded.
Compiler: /opt/cross-compiler/i686-elf/out/path/bin/i686-elf-gcc 
Build flags: ;-ffreestanding;-ffreestanding
Id flags: -c 

The output was:
0


Compilation of the C compiler identification source "CMakeCCompilerId.c" produced "CMakeCCompilerId.o"

The C compiler identification is GNU, found in "/home/komish/Desktop/pyros-clean/cmake-build-debug/CMakeFiles/3.12.2/CompilerIdC/CMakeCCompilerId.o"

Compiling the CXX compiler identification source file "CMakeCXXCompilerId.cpp" succeeded.
Compiler: /opt/cross-compiler/i686-elf/out/path/bin/i686-elf-g++ 
Build flags: ;-ffreestanding;-ffreestanding
Id flags: -c 

The output was:
0


Compilation of the CXX compiler identification source "CMakeCXXCompilerId.cpp" produced "CMakeCXXCompilerId.o"

The CXX compiler identification is GNU, found in "/home/komish/Desktop/pyros-clean/cmake-build-debug/CMakeFiles/3.12.2/CompilerIdCXX/CMakeCXXCompilerId.o"

Determining if the C compiler works passed with the following output:
Change Dir: /home/komish/Desktop/pyros-clean/cmake-build-debug/CMakeFiles/CMakeTmp

Run Build Command:"/usr/bin/make" "cmTC_2e0d4/fast"
/usr/bin/make -f CMakeFiles/cmTC_2e0d4.dir/build.make CMakeFiles/cmTC_2e0d4.dir/build
make[1]: Entering directory '/home/komish/Desktop/pyros-clean/cmake-build-debug/CMakeFiles/CMakeTmp'
Building C object CMakeFiles/cmTC_2e0d4.dir/testCCompiler.c.obj
/opt/cross-compiler/i686-elf/out/path/bin/i686-elf-gcc   -ffreestanding -ffreestanding    -std=gnu11 -o CMakeFiles/cmTC_2e0d4.dir/testCCompiler.c.obj   -c /home/komish/Desktop/pyros-clean/cmake-build-debug/CMakeFiles/CMakeTmp/testCCompiler.c
Linking C executable cmTC_2e0d4
/home/komish/Software/cmake-3.12.2-Linux-x86_64/bin/cmake -E cmake_link_script CMakeFiles/cmTC_2e0d4.dir/link.txt --verbose=1
/opt/cross-compiler/i686-elf/out/path/bin/i686-elf-gcc  -ffreestanding -ffreestanding    -nostdlib -nostdlib  CMakeFiles/cmTC_2e0d4.dir/testCCompiler.c.obj  -o cmTC_2e0d4 
/opt/cross-compiler/i686-elf/out/path/bin/../lib/gcc/i686-elf/8.2.0/../../../../i686-elf/bin/ld: warning: cannot find entry symbol _start; defaulting to 0000000008048054
make[1]: Leaving directory '/home/komish/Desktop/pyros-clean/cmake-build-debug/CMakeFiles/CMakeTmp'


Detecting C compiler ABI info compiled with the following output:
Change Dir: /home/komish/Desktop/pyros-clean/cmake-build-debug/CMakeFiles/CMakeTmp

Run Build Command:"/usr/bin/make" "cmTC_4e9fb/fast"
/usr/bin/make -f CMakeFiles/cmTC_4e9fb.dir/build.make CMakeFiles/cmTC_4e9fb.dir/build
make[1]: Entering directory '/home/komish/Desktop/pyros-clean/cmake-build-debug/CMakeFiles/CMakeTmp'
Building C object CMakeFiles/cmTC_4e9fb.dir/CMakeCCompilerABI.c.obj
/opt/cross-compiler/i686-elf/out/path/bin/i686-elf-gcc   -ffreestanding -ffreestanding    -std=gnu11 -o CMakeFiles/cmTC_4e9fb.dir/CMakeCCompilerABI.c.obj   -c /home/komish/Software/cmake-3.12.2-Linux-x86_64/share/cmake-3.12/Modules/CMakeCCompilerABI.c
Linking C executable cmTC_4e9fb
/home/komish/Software/cmake-3.12.2-Linux-x86_64/bin/cmake -E cmake_link_script CMakeFiles/cmTC_4e9fb.dir/link.txt --verbose=1
/opt/cross-compiler/i686-elf/out/path/bin/i686-elf-gcc  -ffreestanding -ffreestanding    -nostdlib -nostdlib -v CMakeFiles/cmTC_4e9fb.dir/CMakeCCompilerABI.c.obj  -o cmTC_4e9fb 
Using built-in specs.
COLLECT_GCC=/opt/cross-compiler/i686-elf/out/path/bin/i686-elf-gcc
COLLECT_LTO_WRAPPER=/opt/cross-compiler/i686-elf/out/path/bin/../libexec/gcc/i686-elf/8.2.0/lto-wrapper
Target: i686-elf
Configured with: ../gcc-8.2.0/configure --target=i686-elf --prefix=/home/komish/Desktop/cross-compiler/i686-elf/out/src/../path/ --disable-nls --enable-languages=c,c++ --without-headers
Thread model: single
gcc version 8.2.0 (GCC) 
COMPILER_PATH=/opt/cross-compiler/i686-elf/out/path/bin/../libexec/gcc/i686-elf/8.2.0/:/opt/cross-compiler/i686-elf/out/path/bin/../libexec/gcc/:/opt/cross-compiler/i686-elf/out/path/bin/../lib/gcc/i686-elf/8.2.0/../../../../i686-elf/bin/
LIBRARY_PATH=/opt/cross-compiler/i686-elf/out/path/bin/../lib/gcc/i686-elf/8.2.0/:/opt/cross-compiler/i686-elf/out/path/bin/../lib/gcc/:/opt/cross-compiler/i686-elf/out/path/bin/../lib/gcc/i686-elf/8.2.0/../../../../i686-elf/lib/
COLLECT_GCC_OPTIONS='-ffreestanding' '-nostdlib' '-nostdlib' '-v' '-o' 'cmTC_4e9fb' '-mtune=generic' '-march=pentiumpro'
 /opt/cross-compiler/i686-elf/out/path/bin/../libexec/gcc/i686-elf/8.2.0/collect2 -plugin /opt/cross-compiler/i686-elf/out/path/bin/../libexec/gcc/i686-elf/8.2.0/liblto_plugin.so -plugin-opt=/opt/cross-compiler/i686-elf/out/path/bin/../libexec/gcc/i686-elf/8.2.0/lto-wrapper -plugin-opt=-fresolution=/tmp/cc2X2Hol.res -o cmTC_4e9fb -L/opt/cross-compiler/i686-elf/out/path/bin/../lib/gcc/i686-elf/8.2.0 -L/opt/cross-compiler/i686-elf/out/path/bin/../lib/gcc -L/opt/cross-compiler/i686-elf/out/path/bin/../lib/gcc/i686-elf/8.2.0/../../../../i686-elf/lib CMakeFiles/cmTC_4e9fb.dir/CMakeCCompilerABI.c.obj
/opt/cross-compiler/i686-elf/out/path/bin/../lib/gcc/i686-elf/8.2.0/../../../../i686-elf/bin/ld: warning: cannot find entry symbol _start; defaulting to 0000000008048054
COLLECT_GCC_OPTIONS='-ffreestanding' '-nostdlib' '-nostdlib' '-v' '-o' 'cmTC_4e9fb' '-mtune=generic' '-march=pentiumpro'
make[1]: Leaving directory '/home/komish/Desktop/pyros-clean/cmake-build-debug/CMakeFiles/CMakeTmp'


Parsed C implicit link information from above output:
  link line regex: [^( *|.*[/\])(i686-elf-ld|CMAKE_LINK_STARTFILE-NOTFOUND|([^/\]+-)?ld|collect2)[^/\]*( |$)]
  ignore line: [Change Dir: /home/komish/Desktop/pyros-clean/cmake-build-debug/CMakeFiles/CMakeTmp]
  ignore line: []
  ignore line: [Run Build Command:"/usr/bin/make" "cmTC_4e9fb/fast"]
  ignore line: [/usr/bin/make -f CMakeFiles/cmTC_4e9fb.dir/build.make CMakeFiles/cmTC_4e9fb.dir/build]
  ignore line: [make[1]: Entering directory '/home/komish/Desktop/pyros-clean/cmake-build-debug/CMakeFiles/CMakeTmp']
  ignore line: [Building C object CMakeFiles/cmTC_4e9fb.dir/CMakeCCompilerABI.c.obj]
  ignore line: [/opt/cross-compiler/i686-elf/out/path/bin/i686-elf-gcc   -ffreestanding -ffreestanding    -std=gnu11 -o CMakeFiles/cmTC_4e9fb.dir/CMakeCCompilerABI.c.obj   -c /home/komish/Software/cmake-3.12.2-Linux-x86_64/share/cmake-3.12/Modules/CMakeCCompilerABI.c]
  ignore line: [Linking C executable cmTC_4e9fb]
  ignore line: [/home/komish/Software/cmake-3.12.2-Linux-x86_64/bin/cmake -E cmake_link_script CMakeFiles/cmTC_4e9fb.dir/link.txt --verbose=1]
  ignore line: [/opt/cross-compiler/i686-elf/out/path/bin/i686-elf-gcc  -ffreestanding -ffreestanding    -nostdlib -nostdlib -v CMakeFiles/cmTC_4e9fb.dir/CMakeCCompilerABI.c.obj  -o cmTC_4e9fb ]
  ignore line: [Using built-in specs.]
  ignore line: [COLLECT_GCC=/opt/cross-compiler/i686-elf/out/path/bin/i686-elf-gcc]
  ignore line: [COLLECT_LTO_WRAPPER=/opt/cross-compiler/i686-elf/out/path/bin/../libexec/gcc/i686-elf/8.2.0/lto-wrapper]
  ignore line: [Target: i686-elf]
  ignore line: [Configured with: ../gcc-8.2.0/configure --target=i686-elf --prefix=/home/komish/Desktop/cross-compiler/i686-elf/out/src/../path/ --disable-nls --enable-languages=c,c++ --without-headers]
  ignore line: [Thread model: single]
  ignore line: [gcc version 8.2.0 (GCC) ]
  ignore line: [COMPILER_PATH=/opt/cross-compiler/i686-elf/out/path/bin/../libexec/gcc/i686-elf/8.2.0/:/opt/cross-compiler/i686-elf/out/path/bin/../libexec/gcc/:/opt/cross-compiler/i686-elf/out/path/bin/../lib/gcc/i686-elf/8.2.0/../../../../i686-elf/bin/]
  ignore line: [LIBRARY_PATH=/opt/cross-compiler/i686-elf/out/path/bin/../lib/gcc/i686-elf/8.2.0/:/opt/cross-compiler/i686-elf/out/path/bin/../lib/gcc/:/opt/cross-compiler/i686-elf/out/path/bin/../lib/gcc/i686-elf/8.2.0/../../../../i686-elf/lib/]
  ignore line: [COLLECT_GCC_OPTIONS='-ffreestanding' '-nostdlib' '-nostdlib' '-v' '-o' 'cmTC_4e9fb' '-mtune=generic' '-march=pentiumpro']
  link line: [ /opt/cross-compiler/i686-elf/out/path/bin/../libexec/gcc/i686-elf/8.2.0/collect2 -plugin /opt/cross-compiler/i686-elf/out/path/bin/../libexec/gcc/i686-elf/8.2.0/liblto_plugin.so -plugin-opt=/opt/cross-compiler/i686-elf/out/path/bin/../libexec/gcc/i686-elf/8.2.0/lto-wrapper -plugin-opt=-fresolution=/tmp/cc2X2Hol.res -o cmTC_4e9fb -L/opt/cross-compiler/i686-elf/out/path/bin/../lib/gcc/i686-elf/8.2.0 -L/opt/cross-compiler/i686-elf/out/path/bin/../lib/gcc -L/opt/cross-compiler/i686-elf/out/path/bin/../lib/gcc/i686-elf/8.2.0/../../../../i686-elf/lib CMakeFiles/cmTC_4e9fb.dir/CMakeCCompilerABI.c.obj]
    arg [/opt/cross-compiler/i686-elf/out/path/bin/../libexec/gcc/i686-elf/8.2.0/collect2] ==> ignore
    arg [-plugin] ==> ignore
    arg [/opt/cross-compiler/i686-elf/out/path/bin/../libexec/gcc/i686-elf/8.2.0/liblto_plugin.so] ==> ignore
    arg [-plugin-opt=/opt/cross-compiler/i686-elf/out/path/bin/../libexec/gcc/i686-elf/8.2.0/lto-wrapper] ==> ignore
    arg [-plugin-opt=-fresolution=/tmp/cc2X2Hol.res] ==> ignore
    arg [-o] ==> ignore
    arg [cmTC_4e9fb] ==> ignore
    arg [-L/opt/cross-compiler/i686-elf/out/path/bin/../lib/gcc/i686-elf/8.2.0] ==> dir [/opt/cross-compiler/i686-elf/out/path/bin/../lib/gcc/i686-elf/8.2.0]
    arg [-L/opt/cross-compiler/i686-elf/out/path/bin/../lib/gcc] ==> dir [/opt/cross-compiler/i686-elf/out/path/bin/../lib/gcc]
    arg [-L/opt/cross-compiler/i686-elf/out/path/bin/../lib/gcc/i686-elf/8.2.0/../../../../i686-elf/lib] ==> dir [/opt/cross-compiler/i686-elf/out/path/bin/../lib/gcc/i686-elf/8.2.0/../../../../i686-elf/lib]
    arg [CMakeFiles/cmTC_4e9fb.dir/CMakeCCompilerABI.c.obj] ==> ignore
  collapse library dir [/opt/cross-compiler/i686-elf/out/path/bin/../lib/gcc/i686-elf/8.2.0] ==> [/opt/cross-compiler/i686-elf/out/path/lib/gcc/i686-elf/8.2.0]
  collapse library dir [/opt/cross-compiler/i686-elf/out/path/bin/../lib/gcc] ==> [/opt/cross-compiler/i686-elf/out/path/lib/gcc]
  collapse library dir [/opt/cross-compiler/i686-elf/out/path/bin/../lib/gcc/i686-elf/8.2.0/../../../../i686-elf/lib] ==> [/opt/cross-compiler/i686-elf/out/path/i686-elf/lib]
  implicit libs: []
  implicit dirs: [/opt/cross-compiler/i686-elf/out/path/lib/gcc/i686-elf/8.2.0;/opt/cross-compiler/i686-elf/out/path/lib/gcc;/opt/cross-compiler/i686-elf/out/path/i686-elf/lib]
  implicit fwks: []




Detecting C [-std=c11] compiler features compiled with the following output:
Change Dir: /home/komish/Desktop/pyros-clean/cmake-build-debug/CMakeFiles/CMakeTmp

Run Build Command:"/usr/bin/make" "cmTC_6be48/fast"
/usr/bin/make -f CMakeFiles/cmTC_6be48.dir/build.make CMakeFiles/cmTC_6be48.dir/build
make[1]: Entering directory '/home/komish/Desktop/pyros-clean/cmake-build-debug/CMakeFiles/CMakeTmp'
Building C object CMakeFiles/cmTC_6be48.dir/feature_tests.c.obj
/opt/cross-compiler/i686-elf/out/path/bin/i686-elf-gcc   -ffreestanding -ffreestanding    -std=c11 -std=gnu11 -o CMakeFiles/cmTC_6be48.dir/feature_tests.c.obj   -c /home/komish/Desktop/pyros-clean/cmake-build-debug/CMakeFiles/feature_tests.c
Linking C executable cmTC_6be48
/home/komish/Software/cmake-3.12.2-Linux-x86_64/bin/cmake -E cmake_link_script CMakeFiles/cmTC_6be48.dir/link.txt --verbose=1
/opt/cross-compiler/i686-elf/out/path/bin/i686-elf-gcc  -ffreestanding -ffreestanding    -nostdlib -nostdlib  CMakeFiles/cmTC_6be48.dir/feature_tests.c.obj  -o cmTC_6be48 
/opt/cross-compiler/i686-elf/out/path/bin/../lib/gcc/i686-elf/8.2.0/../../../../i686-elf/bin/ld: warning: cannot find entry symbol _start; defaulting to 0000000008048054
make[1]: Leaving directory '/home/komish/Desktop/pyros-clean/cmake-build-debug/CMakeFiles/CMakeTmp'


    Feature record: C_FEATURE:1c_function_prototypes
    Feature record: C_FEATURE:1c_restrict
    Feature record: C_FEATURE:1c_static_assert
    Feature record: C_FEATURE:1c_variadic_macros


Detecting C [-std=c99] compiler features compiled with the following output:
Change Dir: /home/komish/Desktop/pyros-clean/cmake-build-debug/CMakeFiles/CMakeTmp

Run Build Command:"/usr/bin/make" "cmTC_ab64b/fast"
/usr/bin/make -f CMakeFiles/cmTC_ab64b.dir/build.make CMakeFiles/cmTC_ab64b.dir/build
make[1]: Entering directory '/home/komish/Desktop/pyros-clean/cmake-build-debug/CMakeFiles/CMakeTmp'
Building C object CMakeFiles/cmTC_ab64b.dir/feature_tests.c.obj
/opt/cross-compiler/i686-elf/out/path/bin/i686-elf-gcc   -ffreestanding -ffreestanding    -std=c99 -std=gnu11 -o CMakeFiles/cmTC_ab64b.dir/feature_tests.c.obj   -c /home/komish/Desktop/pyros-clean/cmake-build-debug/CMakeFiles/feature_tests.c
Linking C executable cmTC_ab64b
/home/komish/Software/cmake-3.12.2-Linux-x86_64/bin/cmake -E cmake_link_script CMakeFiles/cmTC_ab64b.dir/link.txt --verbose=1
/opt/cross-compiler/i686-elf/out/path/bin/i686-elf-gcc  -ffreestanding -ffreestanding    -nostdlib -nostdlib  CMakeFiles/cmTC_ab64b.dir/feature_tests.c.obj  -o cmTC_ab64b 
/opt/cross-compiler/i686-elf/out/path/bin/../lib/gcc/i686-elf/8.2.0/../../../../i686-elf/bin/ld: warning: cannot find entry symbol _start; defaulting to 0000000008048054
make[1]: Leaving directory '/home/komish/Desktop/pyros-clean/cmake-build-debug/CMakeFiles/CMakeTmp'


    Feature record: C_FEATURE:1c_function_prototypes
    Feature record: C_FEATURE:1c_restrict
    Feature record: C_FEATURE:1c_static_assert
    Feature record: C_FEATURE:1c_variadic_macros


Detecting C [-std=c90] compiler features compiled with the following output:
Change Dir: /home/komish/Desktop/pyros-clean/cmake-build-debug/CMakeFiles/CMakeTmp

Run Build Command:"/usr/bin/make" "cmTC_e08df/fast"
/usr/bin/make -f CMakeFiles/cmTC_e08df.dir/build.make CMakeFiles/cmTC_e08df.dir/build
make[1]: Entering directory '/home/komish/Desktop/pyros-clean/cmake-build-debug/CMakeFiles/CMakeTmp'
Building C object CMakeFiles/cmTC_e08df.dir/feature_tests.c.obj
/opt/cross-compiler/i686-elf/out/path/bin/i686-elf-gcc   -ffreestanding -ffreestanding    -std=c90 -std=gnu11 -o CMakeFiles/cmTC_e08df.dir/feature_tests.c.obj   -c /home/komish/Desktop/pyros-clean/cmake-build-debug/CMakeFiles/feature_tests.c
Linking C executable cmTC_e08df
/home/komish/Software/cmake-3.12.2-Linux-x86_64/bin/cmake -E cmake_link_script CMakeFiles/cmTC_e08df.dir/link.txt --verbose=1
/opt/cross-compiler/i686-elf/out/path/bin/i686-elf-gcc  -ffreestanding -ffreestanding    -nostdlib -nostdlib  CMakeFiles/cmTC_e08df.dir/feature_tests.c.obj  -o cmTC_e08df 
/opt/cross-compiler/i686-elf/out/path/bin/../lib/gcc/i686-elf/8.2.0/../../../../i686-elf/bin/ld: warning: cannot find entry symbol _start; defaulting to 0000000008048054
make[1]: Leaving directory '/home/komish/Desktop/pyros-clean/cmake-build-debug/CMakeFiles/CMakeTmp'


    Feature record: C_FEATURE:1c_function_prototypes
    Feature record: C_FEATURE:1c_restrict
    Feature record: C_FEATURE:1c_static_assert
    Feature record: C_FEATURE:1c_variadic_macros
Determining if the CXX compiler works passed with the following output:
Change Dir: /home/komish/Desktop/pyros-clean/cmake-build-debug/CMakeFiles/CMakeTmp

Run Build Command:"/usr/bin/make" "cmTC_a4a9a/fast"
/usr/bin/make -f CMakeFiles/cmTC_a4a9a.dir/build.make CMakeFiles/cmTC_a4a9a.dir/build
make[1]: Entering directory '/home/komish/Desktop/pyros-clean/cmake-build-debug/CMakeFiles/CMakeTmp'
Building CXX object CMakeFiles/cmTC_a4a9a.dir/testCXXCompiler.cxx.obj
/opt/cross-compiler/i686-elf/out/path/bin/i686-elf-g++    -ffreestanding -ffreestanding    -std=gnu++17 -o CMakeFiles/cmTC_a4a9a.dir/testCXXCompiler.cxx.obj -c /home/komish/Desktop/pyros-clean/cmake-build-debug/CMakeFiles/CMakeTmp/testCXXCompiler.cxx
Linking CXX executable cmTC_a4a9a
/home/komish/Software/cmake-3.12.2-Linux-x86_64/bin/cmake -E cmake_link_script CMakeFiles/cmTC_a4a9a.dir/link.txt --verbose=1
/opt/cross-compiler/i686-elf/out/path/bin/i686-elf-g++   -ffreestanding -ffreestanding    -nostdlib -nostdlib  CMakeFiles/cmTC_a4a9a.dir/testCXXCompiler.cxx.obj  -o cmTC_a4a9a 
/opt/cross-compiler/i686-elf/out/path/bin/../lib/gcc/i686-elf/8.2.0/../../../../i686-elf/bin/ld: warning: cannot find entry symbol _start; defaulting to 0000000008048054
make[1]: Leaving directory '/home/komish/Desktop/pyros-clean/cmake-build-debug/CMakeFiles/CMakeTmp'


Detecting CXX compiler ABI info compiled with the following output:
Change Dir: /home/komish/Desktop/pyros-clean/cmake-build-debug/CMakeFiles/CMakeTmp

Run Build Command:"/usr/bin/make" "cmTC_052d9/fast"
/usr/bin/make -f CMakeFiles/cmTC_052d9.dir/build.make CMakeFiles/cmTC_052d9.dir/build
make[1]: Entering directory '/home/komish/Desktop/pyros-clean/cmake-build-debug/CMakeFiles/CMakeTmp'
Building CXX object CMakeFiles/cmTC_052d9.dir/CMakeCXXCompilerABI.cpp.obj
/opt/cross-compiler/i686-elf/out/path/bin/i686-elf-g++    -ffreestanding -ffreestanding    -std=gnu++17 -o CMakeFiles/cmTC_052d9.dir/CMakeCXXCompilerABI.cpp.obj -c /home/komish/Software/cmake-3.12.2-Linux-x86_64/share/cmake-3.12/Modules/CMakeCXXCompilerABI.cpp
Linking CXX executable cmTC_052d9
/home/komish/Software/cmake-3.12.2-Linux-x86_64/bin/cmake -E cmake_link_script CMakeFiles/cmTC_052d9.dir/link.txt --verbose=1
/opt/cross-compiler/i686-elf/out/path/bin/i686-elf-g++   -ffreestanding -ffreestanding    -nostdlib -nostdlib -v CMakeFiles/cmTC_052d9.dir/CMakeCXXCompilerABI.cpp.obj  -o cmTC_052d9 
Using built-in specs.
COLLECT_GCC=/opt/cross-compiler/i686-elf/out/path/bin/i686-elf-g++
COLLECT_LTO_WRAPPER=/opt/cross-compiler/i686-elf/out/path/bin/../libexec/gcc/i686-elf/8.2.0/lto-wrapper
Target: i686-elf
Configured with: ../gcc-8.2.0/configure --target=i686-elf --prefix=/home/komish/Desktop/cross-compiler/i686-elf/out/src/../path/ --disable-nls --enable-languages=c,c++ --without-headers
Thread model: single
gcc version 8.2.0 (GCC) 
COMPILER_PATH=/opt/cross-compiler/i686-elf/out/path/bin/../libexec/gcc/i686-elf/8.2.0/:/opt/cross-compiler/i686-elf/out/path/bin/../libexec/gcc/:/opt/cross-compiler/i686-elf/out/path/bin/../lib/gcc/i686-elf/8.2.0/../../../../i686-elf/bin/
LIBRARY_PATH=/opt/cross-compiler/i686-elf/out/path/bin/../lib/gcc/i686-elf/8.2.0/:/opt/cross-compiler/i686-elf/out/path/bin/../lib/gcc/:/opt/cross-compiler/i686-elf/out/path/bin/../lib/gcc/i686-elf/8.2.0/../../../../i686-elf/lib/
COLLECT_GCC_OPTIONS='-ffreestanding' '-nostdlib' '-nostdlib' '-v' '-o' 'cmTC_052d9' '-mtune=generic' '-march=pentiumpro'
 /opt/cross-compiler/i686-elf/out/path/bin/../libexec/gcc/i686-elf/8.2.0/collect2 -plugin /opt/cross-compiler/i686-elf/out/path/bin/../libexec/gcc/i686-elf/8.2.0/liblto_plugin.so -plugin-opt=/opt/cross-compiler/i686-elf/out/path/bin/../libexec/gcc/i686-elf/8.2.0/lto-wrapper -plugin-opt=-fresolution=/tmp/ccHL9Nqp.res -o cmTC_052d9 -L/opt/cross-compiler/i686-elf/out/path/bin/../lib/gcc/i686-elf/8.2.0 -L/opt/cross-compiler/i686-elf/out/path/bin/../lib/gcc -L/opt/cross-compiler/i686-elf/out/path/bin/../lib/gcc/i686-elf/8.2.0/../../../../i686-elf/lib CMakeFiles/cmTC_052d9.dir/CMakeCXXCompilerABI.cpp.obj
/opt/cross-compiler/i686-elf/out/path/bin/../lib/gcc/i686-elf/8.2.0/../../../../i686-elf/bin/ld: warning: cannot find entry symbol _start; defaulting to 0000000008048054
COLLECT_GCC_OPTIONS='-ffreestanding' '-nostdlib' '-nostdlib' '-v' '-o' 'cmTC_052d9' '-mtune=generic' '-march=pentiumpro'
make[1]: Leaving directory '/home/komish/Desktop/pyros-clean/cmake-build-debug/CMakeFiles/CMakeTmp'


Parsed CXX implicit link information from above output:
  link line regex: [^( *|.*[/\])(i686-elf-ld|CMAKE_LINK_STARTFILE-NOTFOUND|([^/\]+-)?ld|collect2)[^/\]*( |$)]
  ignore line: [Change Dir: /home/komish/Desktop/pyros-clean/cmake-build-debug/CMakeFiles/CMakeTmp]
  ignore line: []
  ignore line: [Run Build Command:"/usr/bin/make" "cmTC_052d9/fast"]
  ignore line: [/usr/bin/make -f CMakeFiles/cmTC_052d9.dir/build.make CMakeFiles/cmTC_052d9.dir/build]
  ignore line: [make[1]: Entering directory '/home/komish/Desktop/pyros-clean/cmake-build-debug/CMakeFiles/CMakeTmp']
  ignore line: [Building CXX object CMakeFiles/cmTC_052d9.dir/CMakeCXXCompilerABI.cpp.obj]
  ignore line: [/opt/cross-compiler/i686-elf/out/path/bin/i686-elf-g++    -ffreestanding -ffreestanding    -std=gnu++17 -o CMakeFiles/cmTC_052d9.dir/CMakeCXXCompilerABI.cpp.obj -c /home/komish/Software/cmake-3.12.2-Linux-x86_64/share/cmake-3.12/Modules/CMakeCXXCompilerABI.cpp]
  ignore line: [Linking CXX executable cmTC_052d9]
  ignore line: [/home/komish/Software/cmake-3.12.2-Linux-x86_64/bin/cmake -E cmake_link_script CMakeFiles/cmTC_052d9.dir/link.txt --verbose=1]
  ignore line: [/opt/cross-compiler/i686-elf/out/path/bin/i686-elf-g++   -ffreestanding -ffreestanding    -nostdlib -nostdlib -v CMakeFiles/cmTC_052d9.dir/CMakeCXXCompilerABI.cpp.obj  -o cmTC_052d9 ]
  ignore line: [Using built-in specs.]
  ignore line: [COLLECT_GCC=/opt/cross-compiler/i686-elf/out/path/bin/i686-elf-g++]
  ignore line: [COLLECT_LTO_WRAPPER=/opt/cross-compiler/i686-elf/out/path/bin/../libexec/gcc/i686-elf/8.2.0/lto-wrapper]
  ignore line: [Target: i686-elf]
  ignore line: [Configured with: ../gcc-8.2.0/configure --target=i686-elf --prefix=/home/komish/Desktop/cross-compiler/i686-elf/out/src/../path/ --disable-nls --enable-languages=c,c++ --without-headers]
  ignore line: [Thread model: single]
  ignore line: [gcc version 8.2.0 (GCC) ]
  ignore line: [COMPILER_PATH=/opt/cross-compiler/i686-elf/out/path/bin/../libexec/gcc/i686-elf/8.2.0/:/opt/cross-compiler/i686-elf/out/path/bin/../libexec/gcc/:/opt/cross-compiler/i686-elf/out/path/bin/../lib/gcc/i686-elf/8.2.0/../../../../i686-elf/bin/]
  ignore line: [LIBRARY_PATH=/opt/cross-compiler/i686-elf/out/path/bin/../lib/gcc/i686-elf/8.2.0/:/opt/cross-compiler/i686-elf/out/path/bin/../lib/gcc/:/opt/cross-compiler/i686-elf/out/path/bin/../lib/gcc/i686-elf/8.2.0/../../../../i686-elf/lib/]
  ignore line: [COLLECT_GCC_OPTIONS='-ffreestanding' '-nostdlib' '-nostdlib' '-v' '-o' 'cmTC_052d9' '-mtune=generic' '-march=pentiumpro']
  link line: [ /opt/cross-compiler/i686-elf/out/path/bin/../libexec/gcc/i686-elf/8.2.0/collect2 -plugin /opt/cross-compiler/i686-elf/out/path/bin/../libexec/gcc/i686-elf/8.2.0/liblto_plugin.so -plugin-opt=/opt/cross-compiler/i686-elf/out/path/bin/../libexec/gcc/i686-elf/8.2.0/lto-wrapper -plugin-opt=-fresolution=/tmp/ccHL9Nqp.res -o cmTC_052d9 -L/opt/cross-compiler/i686-elf/out/path/bin/../lib/gcc/i686-elf/8.2.0 -L/opt/cross-compiler/i686-elf/out/path/bin/../lib/gcc -L/opt/cross-compiler/i686-elf/out/path/bin/../lib/gcc/i686-elf/8.2.0/../../../../i686-elf/lib CMakeFiles/cmTC_052d9.dir/CMakeCXXCompilerABI.cpp.obj]
    arg [/opt/cross-compiler/i686-elf/out/path/bin/../libexec/gcc/i686-elf/8.2.0/collect2] ==> ignore
    arg [-plugin] ==> ignore
    arg [/opt/cross-compiler/i686-elf/out/path/bin/../libexec/gcc/i686-elf/8.2.0/liblto_plugin.so] ==> ignore
    arg [-plugin-opt=/opt/cross-compiler/i686-elf/out/path/bin/../libexec/gcc/i686-elf/8.2.0/lto-wrapper] ==> ignore
    arg [-plugin-opt=-fresolution=/tmp/ccHL9Nqp.res] ==> ignore
    arg [-o] ==> ignore
    arg [cmTC_052d9] ==> ignore
    arg [-L/opt/cross-compiler/i686-elf/out/path/bin/../lib/gcc/i686-elf/8.2.0] ==> dir [/opt/cross-compiler/i686-elf/out/path/bin/../lib/gcc/i686-elf/8.2.0]
    arg [-L/opt/cross-compiler/i686-elf/out/path/bin/../lib/gcc] ==> dir [/opt/cross-compiler/i686-elf/out/path/bin/../lib/gcc]
    arg [-L/opt/cross-compiler/i686-elf/out/path/bin/../lib/gcc/i686-elf/8.2.0/../../../../i686-elf/lib] ==> dir [/opt/cross-compiler/i686-elf/out/path/bin/../lib/gcc/i686-elf/8.2.0/../../../../i686-elf/lib]
    arg [CMakeFiles/cmTC_052d9.dir/CMakeCXXCompilerABI.cpp.obj] ==> ignore
  collapse library dir [/opt/cross-compiler/i686-elf/out/path/bin/../lib/gcc/i686-elf/8.2.0] ==> [/opt/cross-compiler/i686-elf/out/path/lib/gcc/i686-elf/8.2.0]
  collapse library dir [/opt/cross-compiler/i686-elf/out/path/bin/../lib/gcc] ==> [/opt/cross-compiler/i686-elf/out/path/lib/gcc]
  collapse library dir [/opt/cross-compiler/i686-elf/out/path/bin/../lib/gcc/i686-elf/8.2.0/../../../../i686-elf/lib] ==> [/opt/cross-compiler/i686-elf/out/path/i686-elf/lib]
  implicit libs: []
  implicit dirs: [/opt/cross-compiler/i686-elf/out/path/lib/gcc/i686-elf/8.2.0;/opt/cross-compiler/i686-elf/out/path/lib/gcc;/opt/cross-compiler/i686-elf/out/path/i686-elf/lib]
  implicit fwks: []




Detecting CXX [-std=c++2a] compiler features compiled with the following output:
Change Dir: /home/komish/Desktop/pyros-clean/cmake-build-debug/CMakeFiles/CMakeTmp

Run Build Command:"/usr/bin/make" "cmTC_cd4c6/fast"
/usr/bin/make -f CMakeFiles/cmTC_cd4c6.dir/build.make CMakeFiles/cmTC_cd4c6.dir/build
make[1]: Entering directory '/home/komish/Desktop/pyros-clean/cmake-build-debug/CMakeFiles/CMakeTmp'
Building CXX object CMakeFiles/cmTC_cd4c6.dir/feature_tests.cxx.obj
/opt/cross-compiler/i686-elf/out/path/bin/i686-elf-g++    -ffreestanding -ffreestanding    -std=c++2a -std=gnu++17 -o CMakeFiles/cmTC_cd4c6.dir/feature_tests.cxx.obj -c /home/komish/Desktop/pyros-clean/cmake-build-debug/CMakeFiles/feature_tests.cxx
Linking CXX executable cmTC_cd4c6
/home/komish/Software/cmake-3.12.2-Linux-x86_64/bin/cmake -E cmake_link_script CMakeFiles/cmTC_cd4c6.dir/link.txt --verbose=1
/opt/cross-compiler/i686-elf/out/path/bin/i686-elf-g++   -ffreestanding -ffreestanding    -nostdlib -nostdlib  CMakeFiles/cmTC_cd4c6.dir/feature_tests.cxx.obj  -o cmTC_cd4c6 
/opt/cross-compiler/i686-elf/out/path/bin/../lib/gcc/i686-elf/8.2.0/../../../../i686-elf/bin/ld: warning: cannot find entry symbol _start; defaulting to 0000000008048054
make[1]: Leaving directory '/home/komish/Desktop/pyros-clean/cmake-build-debug/CMakeFiles/CMakeTmp'


    Feature record: CXX_FEATURE:1cxx_aggregate_default_initializers
    Feature record: CXX_FEATURE:1cxx_alias_templates
    Feature record: CXX_FEATURE:1cxx_alignas
    Feature record: CXX_FEATURE:1cxx_alignof
    Feature record: CXX_FEATURE:1cxx_attributes
    Feature record: CXX_FEATURE:1cxx_attribute_deprecated
    Feature record: CXX_FEATURE:1cxx_auto_type
    Feature record: CXX_FEATURE:1cxx_binary_literals
    Feature record: CXX_FEATURE:1cxx_constexpr
    Feature record: CXX_FEATURE:1cxx_contextual_conversions
    Feature record: CXX_FEATURE:1cxx_decltype
    Feature record: CXX_FEATURE:1cxx_decltype_auto
    Feature record: CXX_FEATURE:1cxx_decltype_incomplete_return_types
    Feature record: CXX_FEATURE:1cxx_default_function_template_args
    Feature record: CXX_FEATURE:1cxx_defaulted_functions
    Feature record: CXX_FEATURE:1cxx_defaulted_move_initializers
    Feature record: CXX_FEATURE:1cxx_delegating_constructors
    Feature record: CXX_FEATURE:1cxx_deleted_functions
    Feature record: CXX_FEATURE:1cxx_digit_separators
    Feature record: CXX_FEATURE:1cxx_enum_forward_declarations
    Feature record: CXX_FEATURE:1cxx_explicit_conversions
    Feature record: CXX_FEATURE:1cxx_extended_friend_declarations
    Feature record: CXX_FEATURE:1cxx_extern_templates
    Feature record: CXX_FEATURE:1cxx_final
    Feature record: CXX_FEATURE:1cxx_func_identifier
    Feature record: CXX_FEATURE:1cxx_generalized_initializers
    Feature record: CXX_FEATURE:1cxx_generic_lambdas
    Feature record: CXX_FEATURE:1cxx_inheriting_constructors
    Feature record: CXX_FEATURE:1cxx_inline_namespaces
    Feature record: CXX_FEATURE:1cxx_lambdas
    Feature record: CXX_FEATURE:1cxx_lambda_init_captures
    Feature record: CXX_FEATURE:1cxx_local_type_template_args
    Feature record: CXX_FEATURE:1cxx_long_long_type
    Feature record: CXX_FEATURE:1cxx_noexcept
    Feature record: CXX_FEATURE:1cxx_nonstatic_member_init
    Feature record: CXX_FEATURE:1cxx_nullptr
    Feature record: CXX_FEATURE:1cxx_override
    Feature record: CXX_FEATURE:1cxx_range_for
    Feature record: CXX_FEATURE:1cxx_raw_string_literals
    Feature record: CXX_FEATURE:1cxx_reference_qualified_functions
    Feature record: CXX_FEATURE:1cxx_relaxed_constexpr
    Feature record: CXX_FEATURE:1cxx_return_type_deduction
    Feature record: CXX_FEATURE:1cxx_right_angle_brackets
    Feature record: CXX_FEATURE:1cxx_rvalue_references
    Feature record: CXX_FEATURE:1cxx_sizeof_member
    Feature record: CXX_FEATURE:1cxx_static_assert
    Feature record: CXX_FEATURE:1cxx_strong_enums
    Feature record: CXX_FEATURE:1cxx_template_template_parameters
    Feature record: CXX_FEATURE:1cxx_thread_local
    Feature record: CXX_FEATURE:1cxx_trailing_return_types
    Feature record: CXX_FEATURE:1cxx_unicode_literals
    Feature record: CXX_FEATURE:1cxx_uniform_initialization
    Feature record: CXX_FEATURE:1cxx_unrestricted_unions
    Feature record: CXX_FEATURE:1cxx_user_literals
    Feature record: CXX_FEATURE:1cxx_variable_templates
    Feature record: CXX_FEATURE:1cxx_variadic_macros
    Feature record: CXX_FEATURE:1cxx_variadic_templates


Detecting CXX [-std=c++17] compiler features compiled with the following output:
Change Dir: /home/komish/Desktop/pyros-clean/cmake-build-debug/CMakeFiles/CMakeTmp

Run Build Command:"/usr/bin/make" "cmTC_7b69c/fast"
/usr/bin/make -f CMakeFiles/cmTC_7b69c.dir/build.make CMakeFiles/cmTC_7b69c.dir/build
make[1]: Entering directory '/home/komish/Desktop/pyros-clean/cmake-build-debug/CMakeFiles/CMakeTmp'
Building CXX object CMakeFiles/cmTC_7b69c.dir/feature_tests.cxx.obj
/opt/cross-compiler/i686-elf/out/path/bin/i686-elf-g++    -ffreestanding -ffreestanding    -std=c++17 -std=gnu++17 -o CMakeFiles/cmTC_7b69c.dir/feature_tests.cxx.obj -c /home/komish/Desktop/pyros-clean/cmake-build-debug/CMakeFiles/feature_tests.cxx
Linking CXX executable cmTC_7b69c
/home/komish/Software/cmake-3.12.2-Linux-x86_64/bin/cmake -E cmake_link_script CMakeFiles/cmTC_7b69c.dir/link.txt --verbose=1
/opt/cross-compiler/i686-elf/out/path/bin/i686-elf-g++   -ffreestanding -ffreestanding    -nostdlib -nostdlib  CMakeFiles/cmTC_7b69c.dir/feature_tests.cxx.obj  -o cmTC_7b69c 
/opt/cross-compiler/i686-elf/out/path/bin/../lib/gcc/i686-elf/8.2.0/../../../../i686-elf/bin/ld: warning: cannot find entry symbol _start; defaulting to 0000000008048054
make[1]: Leaving directory '/home/komish/Desktop/pyros-clean/cmake-build-debug/CMakeFiles/CMakeTmp'


    Feature record: CXX_FEATURE:1cxx_aggregate_default_initializers
    Feature record: CXX_FEATURE:1cxx_alias_templates
    Feature record: CXX_FEATURE:1cxx_alignas
    Feature record: CXX_FEATURE:1cxx_alignof
    Feature record: CXX_FEATURE:1cxx_attributes
    Feature record: CXX_FEATURE:1cxx_attribute_deprecated
    Feature record: CXX_FEATURE:1cxx_auto_type
    Feature record: CXX_FEATURE:1cxx_binary_literals
    Feature record: CXX_FEATURE:1cxx_constexpr
    Feature record: CXX_FEATURE:1cxx_contextual_conversions
    Feature record: CXX_FEATURE:1cxx_decltype
    Feature record: CXX_FEATURE:1cxx_decltype_auto
    Feature record: CXX_FEATURE:1cxx_decltype_incomplete_return_types
    Feature record: CXX_FEATURE:1cxx_default_function_template_args
    Feature record: CXX_FEATURE:1cxx_defaulted_functions
    Feature record: CXX_FEATURE:1cxx_defaulted_move_initializers
    Feature record: CXX_FEATURE:1cxx_delegating_constructors
    Feature record: CXX_FEATURE:1cxx_deleted_functions
    Feature record: CXX_FEATURE:1cxx_digit_separators
    Feature record: CXX_FEATURE:1cxx_enum_forward_declarations
    Feature record: CXX_FEATURE:1cxx_explicit_conversions
    Feature record: CXX_FEATURE:1cxx_extended_friend_declarations
    Feature record: CXX_FEATURE:1cxx_extern_templates
    Feature record: CXX_FEATURE:1cxx_final
    Feature record: CXX_FEATURE:1cxx_func_identifier
    Feature record: CXX_FEATURE:1cxx_generalized_initializers
    Feature record: CXX_FEATURE:1cxx_generic_lambdas
    Feature record: CXX_FEATURE:1cxx_inheriting_constructors
    Feature record: CXX_FEATURE:1cxx_inline_namespaces
    Feature record: CXX_FEATURE:1cxx_lambdas
    Feature record: CXX_FEATURE:1cxx_lambda_init_captures
    Feature record: CXX_FEATURE:1cxx_local_type_template_args
    Feature record: CXX_FEATURE:1cxx_long_long_type
    Feature record: CXX_FEATURE:1cxx_noexcept
    Feature record: CXX_FEATURE:1cxx_nonstatic_member_init
    Feature record: CXX_FEATURE:1cxx_nullptr
    Feature record: CXX_FEATURE:1cxx_override
    Feature record: CXX_FEATURE:1cxx_range_for
    Feature record: CXX_FEATURE:1cxx_raw_string_literals
    Feature record: CXX_FEATURE:1cxx_reference_qualified_functions
    Feature record: CXX_FEATURE:1cxx_relaxed_constexpr
    Feature record: CXX_FEATURE:1cxx_return_type_deduction
    Feature record: CXX_FEATURE:1cxx_right_angle_brackets
    Feature record: CXX_FEATURE:1cxx_rvalue_references
    Feature record: CXX_FEATURE:1cxx_sizeof_member
    Feature record: CXX_FEATURE:1cxx_static_assert
    Feature record: CXX_FEATURE:1cxx_strong_enums
    Feature record: CXX_FEATURE:1cxx_template_template_parameters
    Feature record: CXX_FEATURE:1cxx_thread_local
    Feature record: CXX_FEATURE:1cxx_trailing_return_types
    Feature record: CXX_FEATURE:1cxx_unicode_literals
    Feature record: CXX_FEATURE:1cxx_uniform_initialization
    Feature record: CXX_FEATURE:1cxx_unrestricted_unions
    Feature record: CXX_FEATURE:1cxx_user_literals
    Feature record: CXX_FEATURE:1cxx_variable_templates
    Feature record: CXX_FEATURE:1cxx_variadic_macros
    Feature record: CXX_FEATURE:1cxx_variadic_templates


Detecting CXX [-std=c++14] compiler features compiled with the following output:
Change Dir: /home/komish/Desktop/pyros-clean/cmake-build-debug/CMakeFiles/CMakeTmp

Run Build Command:"/usr/bin/make" "cmTC_cbc1e/fast"
/usr/bin/make -f CMakeFiles/cmTC_cbc1e.dir/build.make CMakeFiles/cmTC_cbc1e.dir/build
make[1]: Entering directory '/home/komish/Desktop/pyros-clean/cmake-build-debug/CMakeFiles/CMakeTmp'
Building CXX object CMakeFiles/cmTC_cbc1e.dir/feature_tests.cxx.obj
/opt/cross-compiler/i686-elf/out/path/bin/i686-elf-g++    -ffreestanding -ffreestanding    -std=c++14 -std=gnu++17 -o CMakeFiles/cmTC_cbc1e.dir/feature_tests.cxx.obj -c /home/komish/Desktop/pyros-clean/cmake-build-debug/CMakeFiles/feature_tests.cxx
Linking CXX executable cmTC_cbc1e
/home/komish/Software/cmake-3.12.2-Linux-x86_64/bin/cmake -E cmake_link_script CMakeFiles/cmTC_cbc1e.dir/link.txt --verbose=1
/opt/cross-compiler/i686-elf/out/path/bin/i686-elf-g++   -ffreestanding -ffreestanding    -nostdlib -nostdlib  CMakeFiles/cmTC_cbc1e.dir/feature_tests.cxx.obj  -o cmTC_cbc1e 
/opt/cross-compiler/i686-elf/out/path/bin/../lib/gcc/i686-elf/8.2.0/../../../../i686-elf/bin/ld: warning: cannot find entry symbol _start; defaulting to 0000000008048054
make[1]: Leaving directory '/home/komish/Desktop/pyros-clean/cmake-build-debug/CMakeFiles/CMakeTmp'


    Feature record: CXX_FEATURE:1cxx_aggregate_default_initializers
    Feature record: CXX_FEATURE:1cxx_alias_templates
    Feature record: CXX_FEATURE:1cxx_alignas
    Feature record: CXX_FEATURE:1cxx_alignof
    Feature record: CXX_FEATURE:1cxx_attributes
    Feature record: CXX_FEATURE:1cxx_attribute_deprecated
    Feature record: CXX_FEATURE:1cxx_auto_type
    Feature record: CXX_FEATURE:1cxx_binary_literals
    Feature record: CXX_FEATURE:1cxx_constexpr
    Feature record: CXX_FEATURE:1cxx_contextual_conversions
    Feature record: CXX_FEATURE:1cxx_decltype
    Feature record: CXX_FEATURE:1cxx_decltype_auto
    Feature record: CXX_FEATURE:1cxx_decltype_incomplete_return_types
    Feature record: CXX_FEATURE:1cxx_default_function_template_args
    Feature record: CXX_FEATURE:1cxx_defaulted_functions
    Feature record: CXX_FEATURE:1cxx_defaulted_move_initializers
    Feature record: CXX_FEATURE:1cxx_delegating_constructors
    Feature record: CXX_FEATURE:1cxx_deleted_functions
    Feature record: CXX_FEATURE:1cxx_digit_separators
    Feature record: CXX_FEATURE:1cxx_enum_forward_declarations
    Feature record: CXX_FEATURE:1cxx_explicit_conversions
    Feature record: CXX_FEATURE:1cxx_extended_friend_declarations
    Feature record: CXX_FEATURE:1cxx_extern_templates
    Feature record: CXX_FEATURE:1cxx_final
    Feature record: CXX_FEATURE:1cxx_func_identifier
    Feature record: CXX_FEATURE:1cxx_generalized_initializers
    Feature record: CXX_FEATURE:1cxx_generic_lambdas
    Feature record: CXX_FEATURE:1cxx_inheriting_constructors
    Feature record: CXX_FEATURE:1cxx_inline_namespaces
    Feature record: CXX_FEATURE:1cxx_lambdas
    Feature record: CXX_FEATURE:1cxx_lambda_init_captures
    Feature record: CXX_FEATURE:1cxx_local_type_template_args
    Feature record: CXX_FEATURE:1cxx_long_long_type
    Feature record: CXX_FEATURE:1cxx_noexcept
    Feature record: CXX_FEATURE:1cxx_nonstatic_member_init
    Feature record: CXX_FEATURE:1cxx_nullptr
    Feature record: CXX_FEATURE:1cxx_override
    Feature record: CXX_FEATURE:1cxx_range_for
    Feature record: CXX_FEATURE:1cxx_raw_string_literals
    Feature record: CXX_FEATURE:1cxx_reference_qualified_functions
    Feature record: CXX_FEATURE:1cxx_relaxed_constexpr
    Feature record: CXX_FEATURE:1cxx_return_type_deduction
    Feature record: CXX_FEATURE:1cxx_right_angle_brackets
    Feature record: CXX_FEATURE:1cxx_rvalue_references
    Feature record: CXX_FEATURE:1cxx_sizeof_member
    Feature record: CXX_FEATURE:1cxx_static_assert
    Feature record: CXX_FEATURE:1cxx_strong_enums
    Feature record: CXX_FEATURE:1cxx_template_template_parameters
    Feature record: CXX_FEATURE:1cxx_thread_local
    Feature record: CXX_FEATURE:1cxx_trailing_return_types
    Feature record: CXX_FEATURE:1cxx_unicode_literals
    Feature record: CXX_FEATURE:1cxx_uniform_initialization
    Feature record: CXX_FEATURE:1cxx_unrestricted_unions
    Feature record: CXX_FEATURE:1cxx_user_literals
    Feature record: CXX_FEATURE:1cxx_variable_templates
    Feature record: CXX_FEATURE:1cxx_variadic_macros
    Feature record: CXX_FEATURE:1cxx_variadic_templates


Detecting CXX [-std=c++11] compiler features compiled with the following output:
Change Dir: /home/komish/Desktop/pyros-clean/cmake-build-debug/CMakeFiles/CMakeTmp

Run Build Command:"/usr/bin/make" "cmTC_02384/fast"
/usr/bin/make -f CMakeFiles/cmTC_02384.dir/build.make CMakeFiles/cmTC_02384.dir/build
make[1]: Entering directory '/home/komish/Desktop/pyros-clean/cmake-build-debug/CMakeFiles/CMakeTmp'
Building CXX object CMakeFiles/cmTC_02384.dir/feature_tests.cxx.obj
/opt/cross-compiler/i686-elf/out/path/bin/i686-elf-g++    -ffreestanding -ffreestanding    -std=c++11 -std=gnu++17 -o CMakeFiles/cmTC_02384.dir/feature_tests.cxx.obj -c /home/komish/Desktop/pyros-clean/cmake-build-debug/CMakeFiles/feature_tests.cxx
Linking CXX executable cmTC_02384
/home/komish/Software/cmake-3.12.2-Linux-x86_64/bin/cmake -E cmake_link_script CMakeFiles/cmTC_02384.dir/link.txt --verbose=1
/opt/cross-compiler/i686-elf/out/path/bin/i686-elf-g++   -ffreestanding -ffreestanding    -nostdlib -nostdlib  CMakeFiles/cmTC_02384.dir/feature_tests.cxx.obj  -o cmTC_02384 
/opt/cross-compiler/i686-elf/out/path/bin/../lib/gcc/i686-elf/8.2.0/../../../../i686-elf/bin/ld: warning: cannot find entry symbol _start; defaulting to 0000000008048054
make[1]: Leaving directory '/home/komish/Desktop/pyros-clean/cmake-build-debug/CMakeFiles/CMakeTmp'


    Feature record: CXX_FEATURE:1cxx_aggregate_default_initializers
    Feature record: CXX_FEATURE:1cxx_alias_templates
    Feature record: CXX_FEATURE:1cxx_alignas
    Feature record: CXX_FEATURE:1cxx_alignof
    Feature record: CXX_FEATURE:1cxx_attributes
    Feature record: CXX_FEATURE:1cxx_attribute_deprecated
    Feature record: CXX_FEATURE:1cxx_auto_type
    Feature record: CXX_FEATURE:1cxx_binary_literals
    Feature record: CXX_FEATURE:1cxx_constexpr
    Feature record: CXX_FEATURE:1cxx_contextual_conversions
    Feature record: CXX_FEATURE:1cxx_decltype
    Feature record: CXX_FEATURE:1cxx_decltype_auto
    Feature record: CXX_FEATURE:1cxx_decltype_incomplete_return_types
    Feature record: CXX_FEATURE:1cxx_default_function_template_args
    Feature record: CXX_FEATURE:1cxx_defaulted_functions
    Feature record: CXX_FEATURE:1cxx_defaulted_move_initializers
    Feature record: CXX_FEATURE:1cxx_delegating_constructors
    Feature record: CXX_FEATURE:1cxx_deleted_functions
    Feature record: CXX_FEATURE:1cxx_digit_separators
    Feature record: CXX_FEATURE:1cxx_enum_forward_declarations
    Feature record: CXX_FEATURE:1cxx_explicit_conversions
    Feature record: CXX_FEATURE:1cxx_extended_friend_declarations
    Feature record: CXX_FEATURE:1cxx_extern_templates
    Feature record: CXX_FEATURE:1cxx_final
    Feature record: CXX_FEATURE:1cxx_func_identifier
    Feature record: CXX_FEATURE:1cxx_generalized_initializers
    Feature record: CXX_FEATURE:1cxx_generic_lambdas
    Feature record: CXX_FEATURE:1cxx_inheriting_constructors
    Feature record: CXX_FEATURE:1cxx_inline_namespaces
    Feature record: CXX_FEATURE:1cxx_lambdas
    Feature record: CXX_FEATURE:1cxx_lambda_init_captures
    Feature record: CXX_FEATURE:1cxx_local_type_template_args
    Feature record: CXX_FEATURE:1cxx_long_long_type
    Feature record: CXX_FEATURE:1cxx_noexcept
    Feature record: CXX_FEATURE:1cxx_nonstatic_member_init
    Feature record: CXX_FEATURE:1cxx_nullptr
    Feature record: CXX_FEATURE:1cxx_override
    Feature record: CXX_FEATURE:1cxx_range_for
    Feature record: CXX_FEATURE:1cxx_raw_string_literals
    Feature record: CXX_FEATURE:1cxx_reference_qualified_functions
    Feature record: CXX_FEATURE:1cxx_relaxed_constexpr
    Feature record: CXX_FEATURE:1cxx_return_type_deduction
    Feature record: CXX_FEATURE:1cxx_right_angle_brackets
    Feature record: CXX_FEATURE:1cxx_rvalue_references
    Feature record: CXX_FEATURE:1cxx_sizeof_member
    Feature record: CXX_FEATURE:1cxx_static_assert
    Feature record: CXX_FEATURE:1cxx_strong_enums
    Feature record: CXX_FEATURE:1cxx_template_template_parameters
    Feature record: CXX_FEATURE:1cxx_thread_local
    Feature record: CXX_FEATURE:1cxx_trailing_return_types
    Feature record: CXX_FEATURE:1cxx_unicode_literals
    Feature record: CXX_FEATURE:1cxx_uniform_initialization
    Feature record: CXX_FEATURE:1cxx_unrestricted_unions
    Feature record: CXX_FEATURE:1cxx_user_literals
    Feature record: CXX_FEATURE:1cxx_variable_templates
    Feature record: CXX_FEATURE:1cxx_variadic_macros
    Feature record: CXX_FEATURE:1cxx_variadic_templates


Detecting CXX [-std=c++98] compiler features compiled with the following output:
Change Dir: /home/komish/Desktop/pyros-clean/cmake-build-debug/CMakeFiles/CMakeTmp

Run Build Command:"/usr/bin/make" "cmTC_f890e/fast"
/usr/bin/make -f CMakeFiles/cmTC_f890e.dir/build.make CMakeFiles/cmTC_f890e.dir/build
make[1]: Entering directory '/home/komish/Desktop/pyros-clean/cmake-build-debug/CMakeFiles/CMakeTmp'
Building CXX object CMakeFiles/cmTC_f890e.dir/feature_tests.cxx.obj
/opt/cross-compiler/i686-elf/out/path/bin/i686-elf-g++    -ffreestanding -ffreestanding    -std=c++98 -std=gnu++17 -o CMakeFiles/cmTC_f890e.dir/feature_tests.cxx.obj -c /home/komish/Desktop/pyros-clean/cmake-build-debug/CMakeFiles/feature_tests.cxx
Linking CXX executable cmTC_f890e
/home/komish/Software/cmake-3.12.2-Linux-x86_64/bin/cmake -E cmake_link_script CMakeFiles/cmTC_f890e.dir/link.txt --verbose=1
/opt/cross-compiler/i686-elf/out/path/bin/i686-elf-g++   -ffreestanding -ffreestanding    -nostdlib -nostdlib  CMakeFiles/cmTC_f890e.dir/feature_tests.cxx.obj  -o cmTC_f890e 
/opt/cross-compiler/i686-elf/out/path/bin/../lib/gcc/i686-elf/8.2.0/../../../../i686-elf/bin/ld: warning: cannot find entry symbol _start; defaulting to 0000000008048054
make[1]: Leaving directory '/home/komish/Desktop/pyros-clean/cmake-build-debug/CMakeFiles/CMakeTmp'


    Feature record: CXX_FEATURE:1cxx_aggregate_default_initializers
    Feature record: CXX_FEATURE:1cxx_alias_templates
    Feature record: CXX_FEATURE:1cxx_alignas
    Feature record: CXX_FEATURE:1cxx_alignof
    Feature record: CXX_FEATURE:1cxx_attributes
    Feature record: CXX_FEATURE:1cxx_attribute_deprecated
    Feature record: CXX_FEATURE:1cxx_auto_type
    Feature record: CXX_FEATURE:1cxx_binary_literals
    Feature record: CXX_FEATURE:1cxx_constexpr
    Feature record: CXX_FEATURE:1cxx_contextual_conversions
    Feature record: CXX_FEATURE:1cxx_decltype
    Feature record: CXX_FEATURE:1cxx_decltype_auto
    Feature record: CXX_FEATURE:1cxx_decltype_incomplete_return_types
    Feature record: CXX_FEATURE:1cxx_default_function_template_args
    Feature record: CXX_FEATURE:1cxx_defaulted_functions
    Feature record: CXX_FEATURE:1cxx_defaulted_move_initializers
    Feature record: CXX_FEATURE:1cxx_delegating_constructors
    Feature record: CXX_FEATURE:1cxx_deleted_functions
    Feature record: CXX_FEATURE:1cxx_digit_separators
    Feature record: CXX_FEATURE:1cxx_enum_forward_declarations
    Feature record: CXX_FEATURE:1cxx_explicit_conversions
    Feature record: CXX_FEATURE:1cxx_extended_friend_declarations
    Feature record: CXX_FEATURE:1cxx_extern_templates
    Feature record: CXX_FEATURE:1cxx_final
    Feature record: CXX_FEATURE:1cxx_func_identifier
    Feature record: CXX_FEATURE:1cxx_generalized_initializers
    Feature record: CXX_FEATURE:1cxx_generic_lambdas
    Feature record: CXX_FEATURE:1cxx_inheriting_constructors
    Feature record: CXX_FEATURE:1cxx_inline_namespaces
    Feature record: CXX_FEATURE:1cxx_lambdas
    Feature record: CXX_FEATURE:1cxx_lambda_init_captures
    Feature record: CXX_FEATURE:1cxx_local_type_template_args
    Feature record: CXX_FEATURE:1cxx_long_long_type
    Feature record: CXX_FEATURE:1cxx_noexcept
    Feature record: CXX_FEATURE:1cxx_nonstatic_member_init
    Feature record: CXX_FEATURE:1cxx_nullptr
    Feature record: CXX_FEATURE:1cxx_override
    Feature record: CXX_FEATURE:1cxx_range_for
    Feature record: CXX_FEATURE:1cxx_raw_string_literals
    Feature record: CXX_FEATURE:1cxx_reference_qualified_functions
    Feature record: CXX_FEATURE:1cxx_relaxed_constexpr
    Feature record: CXX_FEATURE:1cxx_return_type_deduction
    Feature record: CXX_FEATURE:1cxx_right_angle_brackets
    Feature record: CXX_FEATURE:1cxx_rvalue_references
    Feature record: CXX_FEATURE:1cxx_sizeof_member
    Feature record: CXX_FEATURE:1cxx_static_assert
    Feature record: CXX_FEATURE:1cxx_strong_enums
    Feature record: CXX_FEATURE:1cxx_template_template_parameters
    Feature record: CXX_FEATURE:1cxx_thread_local
    Feature record: CXX_FEATURE:1cxx_trailing_return_types
    Feature record: CXX_FEATURE:1cxx_unicode_literals
    Feature record: CXX_FEATURE:1cxx_uniform_initialization
    Feature record: CXX_FEATURE:1cxx_unrestricted_unions
    Feature record: CXX_FEATURE:1cxx_user_literals
    Feature record: CXX_FEATURE:1cxx_variable_templates
    Feature record: CXX_FEATURE:1cxx_variadic_macros
    Feature record: CXX_FEATURE:1cxx_variadic_templates
Checking whether the ASM_NASM compiler is NASM using "-v" matched "(NASM version)":
NASM version 2.13.02
